<?xml version="1.0" encoding="UTF-8"?>
<!-- Generated by org.testng.reporters.JUnitReportReporter -->
<testsuite hostname="DESKTOP-DGOVPTG" failures="0" tests="1" name="com.testing.LoginPageTest" time="41.872" errors="0" timestamp="2022-09-30T20:25:52 IST" skipped="0">
  <testcase classname="com.testing.LoginPageTest" name="loginPageTest" time="41.872"/>
  <system-out/>
</testsuite> <!-- com.testing.LoginPageTest -->
