<?xml version="1.0" encoding="UTF-8"?>
<!-- Generated by org.testng.reporters.JUnitReportReporter -->
<testsuite hostname="DESKTOP-DGOVPTG" failures="0" tests="1" name="LoginAutomation" time="10.972" errors="0" timestamp="2022-10-03T19:20:37 IST" skipped="0">
  <testcase classname="LoginAutomation" name="login" time="10.972"/>
</testsuite> <!-- LoginAutomation -->
