<?xml version="1.0" encoding="UTF-8"?>
<!-- Generated by org.testng.reporters.JUnitReportReporter -->
<testsuite hostname="DESKTOP-DGOVPTG" failures="0" tests="1" name="com.service.HookTestingMethods" time="0.012" errors="0" timestamp="2022-09-27T09:36:24 IST" skipped="0">
  <testcase classname="com.service.HookTestingMethods" name="f" time="0.012"/>
  <system-out/>
</testsuite> <!-- com.service.HookTestingMethods -->
